INFO:root:url: https://github.com/phachon/mm-wiki/commits/master, endupdate: 2022-10-18
INFO:root:url: https://github.com/chaiyd/mm-wiki/commits/master, endupdate: 2023-02-24
INFO:root:url: https://github.com/chaiyd/mm-wiki/commits/fixbug/install, endupdate: 2020-02-15
INFO:root:url: https://github.com/chaiyd/mm-wiki/commits/feature/v0.2.1/phachon, endupdate: 2020-09-16
INFO:root:url: https://github.com/chaiyd/mm-wiki/commits/feature/v0.2, endupdate: 2020-08-06
INFO:root:url: https://github.com/chaiyd/mm-wiki/commits/feature/install, endupdate: 2019-12-01
INFO:root:url: https://github.com/Meliodas-Ao/mm-wiki/commits/master, endupdate: 2022-04-16
INFO:root:url: https://github.com/Meliodas-Ao/mm-wiki/commits/fixbug/install, endupdate: 2020-02-15
INFO:root:url: https://github.com/Meliodas-Ao/mm-wiki/commits/feature/v0.2.1/phachon, endupdate: 2020-09-16
INFO:root:url: https://github.com/Meliodas-Ao/mm-wiki/commits/feature/v0.2, endupdate: 2020-08-06
INFO:root:url: https://github.com/Meliodas-Ao/mm-wiki/commits/feature/install, endupdate: 2019-12-01
INFO:root:url: https://github.com/Meliodas-Ao/mm-wiki/commits/en-ch/analyzer, endupdate: 2022-05-10
INFO:root:url: https://github.com/Meliodas-Ao/mm-wiki/commits/338-339, endupdate: 2022-03-29
INFO:root:url: https://github.com/Meliodas-Ao/mm-wiki/commits/fulltext, endupdate: 2022-03-21
INFO:root:url: https://github.com/guangzhou-meta/mm-wiki/commits/master, endupdate: 2023-05-11
INFO:root:url: https://github.com/guangzhou-meta/mm-wiki/commits/fixbug/install, endupdate: 2020-02-15
INFO:root:url: https://github.com/guangzhou-meta/mm-wiki/commits/feature/v0.2.1/phachon, endupdate: 2020-09-16
INFO:root:url: https://github.com/guangzhou-meta/mm-wiki/commits/feature/v0.2, endupdate: 2020-08-06
INFO:root:url: https://github.com/guangzhou-meta/mm-wiki/commits/feature/install, endupdate: 2019-12-01
INFO:root:url: https://github.com/guangzhou-meta/mm-wiki/commits/feat/support-search-for-document-content, endupdate: 2022-04-22
INFO:root:url: https://github.com/guangzhou-meta/mm-wiki/commits/feat/preview-attachment, endupdate: 2022-04-07
INFO:root:url: https://github.com/guangzhou-meta/mm-wiki/commits/feat/update-theme, endupdate: 2022-04-06
INFO:root:url: https://github.com/guangzhou-meta/mm-wiki/commits/feat/add-document-tags, endupdate: 2022-04-01
INFO:root:url: https://github.com/guangzhou-meta/mm-wiki/commits/feat/editor_support_upload_image_on_copy, endupdate: 2022-04-01
INFO:root:url: https://github.com/guangzhou-meta/mm-wiki/commits/feat/update-page-title-from-system-name, endupdate: 2022-02-11
INFO:root:url: https://github.com/guangzhou-meta/mm-wiki/commits/feat/space-member-batch-operation, endupdate: 2022-01-28
INFO:root:url: https://github.com/guangzhou-meta/mm-wiki/commits/feat/redirect-to-space-index-after-login, endupdate: 2022-01-28
INFO:root:url: https://github.com/yunnet/mm-wiki/commits/master, endupdate: 2022-07-07
INFO:root:url: https://github.com/yunnet/mm-wiki/commits/fixbug/install, endupdate: 2020-02-15
INFO:root:url: https://github.com/yunnet/mm-wiki/commits/feature/install, endupdate: 2019-12-01
INFO:root:url: https://github.com/yunnet/mm-wiki/commits/feat/v0.2.2/phachon, endupdate: 2022-04-16
INFO:root:url: https://github.com/Cassuis/mm-wiki/commits/master, endupdate: 2022-04-16
INFO:root:url: https://github.com/Cassuis/mm-wiki/commits/fixbug/install, endupdate: 2020-02-15
INFO:root:url: https://github.com/Cassuis/mm-wiki/commits/feature/v0.2.1/phachon, endupdate: 2020-09-16
INFO:root:url: https://github.com/Cassuis/mm-wiki/commits/feature/v0.2, endupdate: 2020-08-06
INFO:root:url: https://github.com/Cassuis/mm-wiki/commits/feature/install, endupdate: 2019-12-01
INFO:root:url: https://github.com/nuccch/mm-wiki/commits/master, endupdate: 2022-10-18
INFO:root:url: https://github.com/nuccch/mm-wiki/commits/fix, endupdate: 2023-03-26
INFO:root:url: https://github.com/hedou/mm-wiki/commits/master, endupdate: 2022-10-18
INFO:root:url: https://github.com/hedou/mm-wiki/commits/fixbug/install, endupdate: 2020-02-15
INFO:root:url: https://github.com/hedou/mm-wiki/commits/feature/v0.1.8, endupdate: 2020-04-12
INFO:root:url: https://github.com/hedou/mm-wiki/commits/feature/search, endupdate: 2020-02-16
INFO:root:url: https://github.com/hedou/mm-wiki/commits/feature/install, endupdate: 2019-12-01
INFO:root:url: https://github.com/hedou/mm-wiki/commits/whitesource/configure, endupdate: 2021-09-16
INFO:root:url: https://github.com/laeripiegu/mm-wiki/commits/master, endupdate: 2023-07-03
INFO:root:url: https://github.com/llllllxy/mm-wiki/commits/master, endupdate: 2023-11-08
INFO:root:url: https://github.com/rochgh/mm-wiki/commits/master, endupdate: 2023-11-16
INFO:root:url: https://github.com/rochgh/mm-wiki/commits/feature/save2, endupdate: 2023-11-16
INFO:root:url: https://github.com/rochgh/mm-wiki/commits/feature/image_width, endupdate: 2023-11-16
INFO:root:url: https://github.com/rochgh/mm-wiki/commits/feature/session_noip, endupdate: 2023-11-16
INFO:root:url: https://github.com/snailrend/mm-wiki/commits/master, endupdate: 2022-10-18
INFO:root:url: https://github.com/snailrend/mm-wiki/commits/feat-editor-vditor-mobile-adaptation, endupdate: 2023-04-29
INFO:root:url: https://github.com/wolcengit/mm-wiki/commits/master, endupdate: 2022-04-16
INFO:root:url: https://github.com/wolcengit/mm-wiki/commits/zmain, endupdate: 2021-11-02
INFO:root:url: https://github.com/wolcengit/mm-wiki/commits/feature/install, endupdate: 2019-12-01
INFO:root:url: https://github.com/xiaang/mm-wiki/commits/master, endupdate: 2020-09-16
INFO:root:url: https://github.com/xiaang/mm-wiki/commits/feature/v0.2.1/phachon, endupdate: 2020-09-16
INFO:root:url: https://github.com/xiaang/mm-wiki/commits/feature/v0.2, endupdate: 2020-08-06
INFO:root:url: https://github.com/xiaang/mm-wiki/commits/fixbug/install, endupdate: 2020-02-15
INFO:root:url: https://github.com/xiaang/mm-wiki/commits/feature/install, endupdate: 2019-12-01
INFO:root:url: https://github.com/xincuni/mm-wiki/commits/master, endupdate: 2022-03-15
INFO:root:url: https://github.com/xincuni/mm-wiki/commits/feature/v0.2.1/phachon, endupdate: 2022-03-15
INFO:root:url: https://github.com/xincuni/mm-wiki/commits/feature/v0.2, endupdate: 2020-08-06
INFO:root:url: https://github.com/xincuni/mm-wiki/commits/fixbug/install, endupdate: 2020-02-15
INFO:root:url: https://github.com/xincuni/mm-wiki/commits/feature/install, endupdate: 2019-12-01
INFO:root:url: https://github.com/YEZZESDXHN/mm-wiki/commits/master, endupdate: 2022-05-12
INFO:root:url: https://github.com/YEZZESDXHN/mm-wiki/commits/feat/v0.2.2/phachon, endupdate: 2022-04-16
INFO:root:url: https://github.com/YEZZESDXHN/mm-wiki/commits/fixbug/install, endupdate: 2020-02-15
INFO:root:url: https://github.com/YEZZESDXHN/mm-wiki/commits/feature/install, endupdate: 2019-12-01
INFO:root:url: https://github.com/YongShuaiJi/mm-wiki/commits/master, endupdate: 2022-10-18
INFO:root:url: https://github.com/YongShuaiJi/mm-wiki/commits/feature/v0.2.1/phachon, endupdate: 2020-09-16
INFO:root:url: https://github.com/YongShuaiJi/mm-wiki/commits/feature/v0.2, endupdate: 2020-08-06
INFO:root:url: https://github.com/YongShuaiJi/mm-wiki/commits/fixbug/install, endupdate: 2020-02-15
INFO:root:url: https://github.com/YongShuaiJi/mm-wiki/commits/feature/install, endupdate: 2019-12-01
INFO:root:url: https://github.com/Yuyaying/mm-wiki/commits/master, endupdate: 2022-10-18
INFO:root:url: https://github.com/zlcolin/mm-wiki/commits/master, endupdate: 2022-10-18
INFO:root:url: https://github.com/zlcolin/mm-wiki/commits/imgbot, endupdate: 2023-01-06
INFO:root:url: https://github.com/goldfinger1024/mm-wiki/commits/master, endupdate: 2022-10-18
INFO:root:url: https://github.com/goldfinger1024/mm-wiki/commits/feat/v0.2.2/phachon, endupdate: 2022-04-16
INFO:root:url: https://github.com/goldfinger1024/mm-wiki/commits/fixbug/install, endupdate: 2020-02-15
INFO:root:url: https://github.com/goldfinger1024/mm-wiki/commits/feature/install, endupdate: 2019-12-01
INFO:root:url: https://github.com/fffffx0/mm-wiki/commits/main, endupdate: 2022-04-16
INFO:root:url: https://github.com/fffffx0/mm-wiki/commits/feat/v0.2.2/phachon, endupdate: 2022-04-16
INFO:root:url: https://github.com/fffffx0/mm-wiki/commits/fixbug/install, endupdate: 2020-02-15
INFO:root:url: https://github.com/fffffx0/mm-wiki/commits/feature/install, endupdate: 2019-12-01
INFO:root:url: https://github.com/feliming/mm-wiki/commits/master, endupdate: 2020-09-16
INFO:root:url: https://github.com/feliming/mm-wiki/commits/fixbug/install, endupdate: 2020-02-15
INFO:root:url: https://github.com/feliming/mm-wiki/commits/feature/v0.1.8, endupdate: 2020-04-12
INFO:root:url: https://github.com/feliming/mm-wiki/commits/feature/search, endupdate: 2020-02-16
INFO:root:url: https://github.com/feliming/mm-wiki/commits/feature/install, endupdate: 2019-12-01
INFO:root:url: https://github.com/EliotCao/mm-wiki/commits/master, endupdate: 2022-10-18
INFO:root:url: https://github.com/EliotCao/mm-wiki/commits/feat/v0.2.2/phachon, endupdate: 2022-04-16
INFO:root:url: https://github.com/EliotCao/mm-wiki/commits/fixbug/install, endupdate: 2020-02-15
INFO:root:url: https://github.com/EliotCao/mm-wiki/commits/feature/install, endupdate: 2019-12-01
INFO:root:url: https://github.com/ddzzj/mm-wiki/commits/master, endupdate: 2020-09-16
INFO:root:url: https://github.com/ddzzj/mm-wiki/commits/snyk-fix-02f87046535a3d3cc04f645cd1963364, endupdate: 2023-12-02
INFO:root:url: https://github.com/ddzzj/mm-wiki/commits/snyk-fix-e081a355a9584d8139834159ce83a501, endupdate: 2023-11-16
INFO:root:url: https://github.com/ddzzj/mm-wiki/commits/snyk-fix-b5b157594fdbb60600534f28b6e3fc98, endupdate: 2023-11-09
INFO:root:url: https://github.com/ddzzj/mm-wiki/commits/snyk-fix-ece35b12a203b3568d71983cf9a17900, endupdate: 2023-11-08
INFO:root:url: https://github.com/ddzzj/mm-wiki/commits/fixbug/install, endupdate: 2020-02-15
INFO:root:url: https://github.com/ddzzj/mm-wiki/commits/feature/v0.2.1/phachon, endupdate: 2020-09-16
INFO:root:url: https://github.com/ddzzj/mm-wiki/commits/feature/v0.2, endupdate: 2020-08-06
INFO:root:url: https://github.com/ddzzj/mm-wiki/commits/feature/install, endupdate: 2019-12-01
INFO:root:url: https://github.com/ddzzj/mm-wiki/commits/dependabot/go_modules/github.com/astaxie/beego-1.12.2, endupdate: 2023-10-19
INFO:root:url: https://github.com/dandycheung/mm-wiki/commits/master, endupdate: 2022-10-18
INFO:root:url: https://github.com/dandycheung/mm-wiki/commits/feature/search, endupdate: 2020-02-16
INFO:root:url: https://github.com/dandycheung/mm-wiki/commits/fixbug/install, endupdate: 2020-02-15
INFO:root:url: https://github.com/dandycheung/mm-wiki/commits/feature/v0.1.5, endupdate: 2019-12-28
INFO:root:url: https://github.com/dandycheung/mm-wiki/commits/feature/install, endupdate: 2019-12-01
INFO:root:url: https://github.com/cycled/mm-wiki/commits/master, endupdate: 2022-04-16
INFO:root:url: https://github.com/cycled/mm-wiki/commits/v0.1.3, endupdate: 2019-04-29
INFO:root:url: https://github.com/cycled/mm-wiki/commits/develop, endupdate: 2018-11-20
